Scenario 1
2 survivors
492 885
Scenario 2
2 survivors
724 825
Scenario 3
2 survivors
415 335
Scenario 4
0 survivors

Scenario 5
0 survivors

Scenario 6
0 survivors

Scenario 7
0 survivors

Scenario 8
2 survivors
973 160
Scenario 9
2 survivors
532 993
Scenario 10
2 survivors
16 709
Scenario 11
0 survivors

Scenario 12
0 survivors

Scenario 13
0 survivors

Scenario 14
0 survivors

Scenario 15
2 survivors
882 343
Scenario 16
2 survivors
431 889
Scenario 17
2 survivors
37 806
Scenario 18
0 survivors

Scenario 19
0 survivors

Scenario 20
0 survivors

Scenario 21
0 survivors

Scenario 22
2 survivors
365 318
Scenario 23
2 survivors
212 739
Scenario 24
0 survivors

Scenario 25
0 survivors

Scenario 26
0 survivors

Scenario 27
0 survivors

Scenario 28
0 survivors

Scenario 29
2 survivors
617 910
Scenario 30
2 survivors
233 783
Scenario 31
2 survivors
904 992
Scenario 32
0 survivors

Scenario 33
0 survivors

Scenario 34
0 survivors

Scenario 35
0 survivors

Scenario 36
2 survivors
860 364
Scenario 37
0 survivors

Scenario 38
2 survivors
609 521
Scenario 39
2 survivors
143 543
Scenario 40
2 survivors
224 744
Scenario 41
0 survivors

Scenario 42
0 survivors

Scenario 43
2 survivors
95 668
Scenario 44
2 survivors
947 471
Scenario 45
2 survivors
898 537
Scenario 46
2 survivors
645 11
Scenario 47
0 survivors

Scenario 48
0 survivors

Scenario 49
0 survivors

Scenario 50
6 survivors
434 191 569 863 387 468
Scenario 51
6 survivors
864 896 114 635 309 803
Scenario 52
6 survivors
722 868 230 237 678 737
Scenario 53
1 survivors
78
Scenario 54
0 survivors

Scenario 55
0 survivors

Scenario 56
0 survivors

Scenario 57
6 survivors
714 835 816 752 113 609
Scenario 58
6 survivors
705 870 708 834 937 979
Scenario 59
4 survivors
326 989 777 304
Scenario 60
2 survivors
291 306
Scenario 61
0 survivors

Scenario 62
0 survivors

Scenario 63
0 survivors

Scenario 64
6 survivors
309 593 379 488 648 399
Scenario 65
4 survivors
782 761 820 210
Scenario 66
6 survivors
615 572 625 905 748 20
Scenario 67
0 survivors

Scenario 68
0 survivors

Scenario 69
1 survivors
588
Scenario 70
0 survivors

Scenario 71
6 survivors
232 640 144 867 28 497
Scenario 72
6 survivors
663 912 490 979 180 823
Scenario 73
4 survivors
44 306 7 113
Scenario 74
1 survivors
160
Scenario 75
0 survivors

Scenario 76
0 survivors

Scenario 77
0 survivors

Scenario 78
6 survivors
8 276 221 691 89 125
Scenario 79
4 survivors
997 556 62 162
Scenario 80
4 survivors
746 205 445 198
Scenario 81
0 survivors

Scenario 82
0 survivors

Scenario 83
0 survivors

Scenario 84
0 survivors

Scenario 85
6 survivors
302 392 689 758 369 130
Scenario 86
6 survivors
424 664 204 637 238 675
Scenario 87
0 survivors

Scenario 88
1 survivors
543
Scenario 89
0 survivors

Scenario 90
0 survivors

Scenario 91
0 survivors

Scenario 92
6 survivors
132 407 393 193 446 520
Scenario 93
6 survivors
45 966 578 431 211 516
Scenario 94
6 survivors
540 971 763 665 214 390
Scenario 95
0 survivors

Scenario 96
0 survivors

Scenario 97
0 survivors

Scenario 98
0 survivors

Scenario 99
11 survivors
211 169 312 160 574 937 971 761 354 703 244
Scenario 100
11 survivors
579 674 479 106 955 783 235 68 122 473 420
Scenario 101
7 survivors
280 167 230 380 906 998 16
Scenario 102
5 survivors
103 872 310 140 952
Scenario 103
0 survivors

Scenario 104
0 survivors

Scenario 105
0 survivors

Scenario 106
11 survivors
830 198 813 282 470 678 353 618 601 948 29
Scenario 107
11 survivors
485 204 833 222 622 601 853 928 38 870 929
Scenario 108
11 survivors
950 896 222 305 719 26 630 191 524 702 406
Scenario 109
3 survivors
756 770 128
Scenario 110
0 survivors

Scenario 111
0 survivors

Scenario 112
0 survivors

Scenario 113
11 survivors
597 563 109 66 609 517 416 71 507 490 498
Scenario 114
11 survivors
661 281 360 326 495 381 331 881 365 968 945
Scenario 115
7 survivors
740 442 461 96 807 469 61
Scenario 116
0 survivors

Scenario 117
0 survivors

Scenario 118
0 survivors

Scenario 119
0 survivors

Scenario 120
11 survivors
359 441 820 696 318 30 424 148 183 187 685
Scenario 121
9 survivors
418 504 869 93 74 690 542 597 422
Scenario 122
9 survivors
430 41 747 808 819 657 2 309 879
Scenario 123
3 survivors
604 942 497
Scenario 124
0 survivors

Scenario 125
0 survivors

Scenario 126
0 survivors

Scenario 127
11 survivors
324 647 861 736 629 61 45 348 221 39 170
Scenario 128
11 survivors
684 480 750 405 887 721 494 543 459 182 560
Scenario 129
9 survivors
299 450 616 879 837 668 332 96 25
Scenario 130
3 survivors
761 814 161
Scenario 131
0 survivors

Scenario 132
0 survivors

Scenario 133
0 survivors

Scenario 134
11 survivors
543 102 902 259 107 930 539 419 403 691 364
Scenario 135
9 survivors
235 466 885 82 628 530 894 103 688
Scenario 136
11 survivors
792 262 23 98 753 587 265 661 41 544 188
Scenario 137
3 survivors
33 678 865
Scenario 138
1 survivors
52
Scenario 139
0 survivors

Scenario 140
0 survivors

Scenario 141
11 survivors
841 193 568 356 459 225 274 662 611 495 660
Scenario 142
11 survivors
482 589 472 420 526 751 163 81 907 980 812
Scenario 143
9 survivors
434 604 536 248 207 213 318 767 811
Scenario 144
0 survivors

Scenario 145
0 survivors

Scenario 146
1 survivors
644
Scenario 147
0 survivors

Scenario 148
51 survivors
677 656 792 940 472 709 825 773 332 484 925 132 172 473 371 598 23 578 356 543 602 994 849 550 400 794 279 602 34 473 750 237 767 929 812 544 659 339 584 487 799 566 551 412 989 658 626 420 778 333 560
Scenario 149
51 survivors
427 502 337 573 196 781 255 197 532 689 997 287 877 441 443 910 93 832 357 601 162 888 155 143 932 841 487 615 979 475 337 862 136 893 637 775 274 278 623 158 585 691 371 982 908 635 945 565 396 287 578
Scenario 150
33 survivors
246 607 993 15 192 933 461 167 921 661 299 71 543 870 626 192 504 976 550 837 292 593 64 392 950 544 914 565 938 238 984 655 696
Scenario 151
3 survivors
565 627 371
Scenario 152
0 survivors

Scenario 153
0 survivors

Scenario 154
0 survivors

Scenario 155
51 survivors
233 455 927 802 155 251 903 843 943 691 774 376 253 999 701 723 429 296 520 663 178 471 150 53 984 365 896 932 558 716 549 703 199 644 502 956 892 851 509 854 851 957 579 35 302 871 427 669 687 975 526
Scenario 156
45 survivors
294 520 858 36 9 755 987 408 168 611 142 598 355 356 383 851 265 846 175 434 705 616 189 971 603 619 480 992 522 249 445 948 307 506 874 762 804 133 44 256 253 733 911 871 437
Scenario 157
35 survivors
267 780 418 759 447 52 14 795 576 496 498 974 721 408 476 463 671 901 728 556 190 274 721 448 649 311 132 259 108 665 536 9 512 613 349
Scenario 158
13 survivors
744 82 4 480 98 767 968 145 272 72 515 21 296
Scenario 159
0 survivors

Scenario 160
0 survivors

Scenario 161
0 survivors

Scenario 162
51 survivors
410 878 925 246 299 197 204 7 187 231 657 436 59 654 579 210 550 567 693 611 764 494 696 644 109 219 18 509 548 57 256 114 300 340 914 585 776 183 604 641 403 49 655 41 142 838 597 265 225 972 643
Scenario 163
47 survivors
569 270 660 270 461 263 750 22 405 270 335 813 774 465 374 997 35 271 65 991 751 390 445 326 551 715 863 907 229 644 55 445 819 577 960 648 110 327 756 902 91 535 739 329 540 611 260
Scenario 164
41 survivors
196 733 869 470 987 279 182 574 799 24 264 829 53 803 326 428 835 912 701 26 378 71 692 274 971 788 511 985 211 27 732 617 405 138 533 606 695 295 167 578 831
Scenario 165
7 survivors
977 334 558 371 579 816 547
Scenario 166
0 survivors

Scenario 167
0 survivors

Scenario 168
0 survivors

Scenario 169
51 survivors
705 876 712 24 402 206 316 76 800 86 436 263 427 503 461 240 449 837 70 97 434 740 214 755 10 531 921 452 233 789 765 440 777 862 246 718 131 624 113 896 390 921 156 607 428 632 980 56 854 312 666
Scenario 170
47 survivors
491 754 594 218 141 117 681 96 251 202 821 920 434 267 149 185 227 578 929 931 750 914 552 514 822 422 745 872 666 191 356 427 442 213 245 936 741 425 37 625 570 134 385 35 371 400 979
Scenario 171
39 survivors
376 147 940 401 730 347 175 567 709 92 476 363 395 727 875 457 814 641 931 803 313 806 95 748 722 299 885 877 18 172 436 653 471 920 757 801 94 592 95
Scenario 172
6 survivors
358 688 52 652 924 346
Scenario 173
0 survivors

Scenario 174
1 survivors
56
Scenario 175
0 survivors

Scenario 176
51 survivors
16 330 722 99 393 153 106 861 787 997 490 444 298 120 297 875 475 756 904 380 815 50 439 316 377 634 619 234 540 566 937 883 484 497 804 880 182 484 658 449 553 983 550 538 88 723 286 267 504 595 36
Scenario 177
49 survivors
998 630 828 73 644 138 843 557 100 874 510 540 874 334 830 366 837 763 792 806 123 802 534 378 349 866 656 728 378 334 228 848 688 263 749 816 287 505 783 912 739 655 320 769 960 699 893 23 665
Scenario 178
33 survivors
53 407 552 324 296 755 927 670 106 832 206 926 655 199 338 187 742 574 409 743 372 52 628 801 227 356 192 55 426 14 333 434 408
Scenario 179
1 survivors
608
Scenario 180
0 survivors

Scenario 181
0 survivors

Scenario 182
0 survivors

Scenario 183
51 survivors
29 212 486 490 354 849 796 584 521 102 124 130 210 728 937 122 798 37 22 182 402 371 280 590 431 79 295 967 713 850 285 577 693 43 128 535 632 6 447 558 843 811 786 158 381 41 930 850 157 184 11
Scenario 184
51 survivors
995 847 626 221 663 982 135 831 228 823 27 687 411 628 389 971 326 763 38 97 795 587 972 622 968 567 306 787 820 324 474 714 209 232 226 329 817 324 386 102 35 828 15 480 331 558 860 883 810 591 995
Scenario 185
45 survivors
948 595 99 307 949 79 730 499 718 547 92 963 931 993 231 68 696 167 98 359 34 223 54 625 101 265 418 349 475 285 361 573 180 299 591 720 737 941 559 901 470 684 847 788 980
Scenario 186
6 survivors
765 833 729 632 898 757
Scenario 187
0 survivors

Scenario 188
0 survivors

Scenario 189
0 survivors

Scenario 190
51 survivors
871 494 158 556 68 850 957 379 564 555 381 209 341 488 942 489 199 149 329 354 739 616 446 846 921 146 69 924 152 537 324 659 926 464 554 555 286 217 258 835 487 160 252 143 575 648 819 909 600 530 300
Scenario 191
47 survivors
642 772 935 419 933 377 313 544 936 460 425 716 709 645 928 185 502 963 899 834 177 132 928 428 76 388 299 298 375 477 890 671 607 431 978 764 468 729 175 818 396 951 820 917 391 346 482
Scenario 192
47 survivors
544 678 754 797 321 806 626 574 768 352 675 399 481 130 671 321 342 112 903 730 548 515 467 75 875 819 103 76 591 80 420 679 170 120 673 559 266 37 43 705 665 630 229 178 57 537 681
Scenario 193
7 survivors
244 32 131 763 507 967 802
Scenario 194
0 survivors

Scenario 195
0 survivors

Scenario 196
0 survivors

Scenario 197
91 survivors
992 839 269 655 244 515 504 982 482 394 388 45 133 732 412 379 628 471 244 630 781 474 31 257 349 334 900 880 140 243 140 206 142 450 770 562 741 375 829 247 989 982 170 60 265 796 645 541 398 755 941 778 819 10 829 438 23 262 614 449 797 820 943 697 745 350 775 597 681 317 89 569 12 416 48 968 639 386 832 725 579 778 541 246 334 977 89 551 89 652 671
Scenario 198
87 survivors
831 149 187 959 188 460 584 322 314 50 333 657 506 743 656 450 732 80 179 58 517 987 590 519 185 831 130 287 165 374 617 666 17 629 794 53 681 97 977 78 995 759 200 243 555 320 959 267 841 22 868 585 48 107 683 44 822 945 924 985 917 155 283 267 509 506 112 614 363 261 2 645 672 817 902 318 854 920 349 598 45 301 239 127 952 870 442
Scenario 199
75 survivors
202 406 249 644 689 218 158 927 149 25 366 210 410 600 224 977 14 110 326 777 822 582 501 710 924 574 816 664 577 183 642 448 689 368 256 820 895 198 534 116 624 105 392 68 54 599 391 930 714 362 176 256 236 192 311 395 254 290 63 875 150 488 612 282 579 110 700 454 548 282 754 332 121 242 131
Scenario 200
21 survivors
140 498 668 103 1 225 620 87 821 446 145 638 1 848 760 995 481 991 919 124 952
Scenario 201
0 survivors

Scenario 202
0 survivors

Scenario 203
0 survivors

Scenario 204
91 survivors
360 511 585 212 716 118 638 121 788 358 35 670 946 516 439 779 91 100 93 183 780 335 474 822 529 394 981 610 508 665 875 12 327 621 529 608 905 106 609 67 245 763 259 989 728 415 945 585 330 221 975 648 665 654 787 640 184 617 712 354 837 661 946 37 919 136 986 388 298 746 752 337 792 262 456 848 880 338 595 786 865 539 445 832 465 758 183 82 439 104 452
Scenario 205
81 survivors
718 292 39 509 665 329 269 33 385 490 635 280 1 858 607 948 888 714 271 282 942 258 917 500 771 70 245 112 858 883 846 320 696 354 388 909 603 880 521 47 268 800 107 633 498 636 651 341 904 998 262 111 769 735 954 216 372 455 430 687 169 210 726 57 313 750 200 646 125 310 60 587 168 612 382 365 5 13 396 52 384
Scenario 206
75 survivors
347 317 680 869 954 936 702 268 71 440 796 993 269 891 744 351 251 334 758 531 649 318 432 692 976 591 339 232 945 298 582 262 34 67 882 230 663 404 559 630 486 645 5 280 943 162 685 310 589 311 824 526 320 5 712 345 967 760 413 972 112 582 589 531 579 569 315 609 282 220 163 93 459 858 833
Scenario 207
3 survivors
631 176 636
Scenario 208
0 survivors

Scenario 209
0 survivors

Scenario 210
0 survivors

Scenario 211
91 survivors
129 328 101 925 775 907 684 319 185 977 595 235 437 332 213 417 431 660 792 166 347 335 918 843 625 827 360 371 566 732 846 853 869 696 107 805 474 640 987 233 395 936 39 912 239 959 442 715 87 828 174 825 458 458 45 509 963 480 850 969 537 904 522 814 734 263 104 938 346 898 308 125 326 458 216 496 627 83 630 185 878 236 2 425 534 214 539 719 969 498 979
Scenario 212
77 survivors
424 71 107 764 726 929 730 618 429 119 898 434 324 175 44 107 523 866 584 559 513 794 24 405 554 258 731 123 366 820 548 575 456 736 17 125 637 426 902 398 916 86 425 17 271 116 527 484 963 509 996 97 481 819 384 217 826 849 568 53 840 346 727 441 625 797 167 223 589 889 571 352 335 267 194 317 531
Scenario 213
67 survivors
361 178 505 182 110 382 877 61 179 695 214 632 709 21 589 13 904 853 651 437 790 123 249 375 40 683 985 378 868 984 664 648 147 524 397 386 229 580 579 385 941 933 794 326 515 687 42 760 979 674 720 495 224 675 967 374 556 552 166 874 80 343 328 110 428 400 697
Scenario 214
15 survivors
952 816 347 579 251 10 797 700 915 220 643 7 831 510 521
Scenario 215
0 survivors

Scenario 216
0 survivors

Scenario 217
0 survivors

Scenario 218
91 survivors
16 139 630 377 776 663 142 484 766 598 720 319 990 981 784 180 75 203 548 399 750 766 500 328 488 941 181 791 251 275 203 355 106 204 454 827 947 76 843 744 196 298 192 192 343 803 906 326 508 377 215 19 609 34 266 286 733 939 804 244 484 108 678 8 681 433 695 991 101 588 567 694 688 673 657 406 874 810 680 379 530 866 176 221 418 499 302 722 914 161 725
Scenario 219
87 survivors
9 986 282 811 5 483 121 247 173 530 162 761 113 722 517 863 267 61 123 915 191 49 218 611 874 168 343 271 20 56 658 935 226 220 893 585 755 153 938 49 982 441 660 507 649 972 575 705 823 905 538 935 263 711 988 54 3 168 658 400 704 715 881 147 384 110 456 222 803 732 768 450 704 860 674 938 572 207 282 228 858 450 666 672 682 301 707
Scenario 220
75 survivors
165 471 426 142 448 844 116 795 501 432 570 674 89 275 727 838 16 582 143 493 464 559 965 508 60 87 647 310 107 538 127 360 923 932 353 100 197 476 422 22 985 115 213 695 905 110 919 475 761 10 103 289 150 886 339 646 469 41 220 216 32 273 476 737 660 808 919 485 165 718 813 941 822 152 867
Scenario 221
11 survivors
906 818 716 710 806 964 648 134 438 503 415
Scenario 222
0 survivors

Scenario 223
0 survivors

Scenario 224
0 survivors

Scenario 225
91 survivors
759 955 696 10 957 857 379 153 781 155 165 39 847 904 729 804 153 591 222 466 536 592 797 567 992 191 733 446 183 55 114 344 207 503 463 105 655 915 345 543 806 440 298 52 955 782 537 643 900 392 559 485 504 411 113 820 435 613 730 522 423 712 317 904 433 562 155 252 957 657 206 983 403 487 88 984 368 82 560 416 392 262 784 561 264 152 939 848 340 48 850
Scenario 226
77 survivors
335 50 703 21 653 821 49 91 404 371 306 716 993 466 893 928 376 83 388 841 267 83 460 793 368 857 233 236 577 995 410 263 956 300 394 435 447 820 322 893 881 846 133 788 918 735 397 450 819 644 662 637 21 307 499 84 31 963 275 533 439 781 799 111 945 584 815 393 22 44 32 883 960 209 898 794 667
Scenario 227
83 survivors
395 603 643 56 583 633 721 270 734 284 518 258 827 342 326 718 197 614 199 238 488 803 698 419 578 716 274 467 551 268 288 355 995 659 624 427 350 397 458 46 177 837 525 486 477 767 892 335 38 154 631 850 896 865 905 21 762 186 63 391 729 110 205 777 184 5 918 704 204 59 366 17 212 364 373 673 764 647 110 847 431 676 722
Scenario 228
2 survivors
669 510
Scenario 229
0 survivors

Scenario 230
0 survivors

Scenario 231
0 survivors

Scenario 232
91 survivors
289 713 696 429 479 895 732 838 419 478 377 13 850 909 799 885 917 922 635 669 930 822 961 154 564 21 31 823 503 385 882 901 966 188 989 628 528 164 620 777 354 749 200 492 522 247 217 905 4 283 995 584 822 852 927 567 349 306 538 775 379 86 174 338 494 190 326 183 796 825 713 130 937 747 324 35 423 47 237 571 354 779 530 731 716 293 119 570 86 232 523
Scenario 233
81 survivors
820 438 80 274 208 592 51 242 620 470 651 372 44 379 249 313 735 910 946 471 433 647 593 489 710 65 923 498 420 891 42 408 330 531 734 210 293 612 829 685 558 2 623 100 947 319 633 241 341 343 270 431 21 148 523 154 75 495 568 738 368 444 325 883 763 996 993 5 728 426 175 466 970 869 898 974 626 583 214 878 245
Scenario 234
83 survivors
246 47 701 629 41 183 164 209 902 548 586 189 999 700 395 567 496 528 700 668 719 190 20 689 368 536 79 389 463 792 639 883 185 858 304 425 88 655 764 547 958 707 728 794 809 309 881 5 864 687 754 836 301 329 611 704 528 889 929 698 410 870 32 753 657 709 385 520 730 880 151 821 979 475 745 557 288 361 283 52 687 551 867
Scenario 235
7 survivors
808 76 922 254 317 48 723
Scenario 236
1 survivors
50
Scenario 237
0 survivors

Scenario 238
0 survivors

Scenario 239
91 survivors
442 32 139 304 989 908 711 566 440 504 991 347 700 834 354 740 933 193 808 593 964 779 725 550 200 274 36 975 598 471 910 482 264 783 431 258 866 948 873 975 453 855 812 757 409 670 537 641 741 275 235 329 406 211 212 116 752 940 414 188 815 632 998 669 686 809 667 313 484 764 572 709 678 378 739 596 346 198 446 239 597 53 308 344 566 369 137 139 442 230 114
Scenario 240
85 survivors
582 765 707 199 194 18 910 432 434 550 868 606 39 282 776 75 757 643 176 731 804 268 79 741 393 581 16 900 184 497 746 278 887 954 220 105 425 808 890 679 443 564 401 741 582 449 237 483 642 10 110 330 14 421 193 939 691 49 760 529 248 523 381 635 499 873 500 798 175 456 103 588 410 218 124 235 638 765 244 717 912 223 925 995 632
Scenario 241
69 survivors
819 176 630 50 794 388 136 871 963 838 456 78 521 502 568 939 367 736 857 825 640 862 776 312 922 814 567 27 113 826 438 973 915 202 543 552 520 352 445 453 839 991 267 695 897 623 390 185 149 973 563 542 950 317 188 22 342 409 333 356 184 535 808 31 992 111 868 810 424
Scenario 242
8 survivors
760 270 64 45 384 132 120 320
Scenario 243
0 survivors

Scenario 244
1 survivors
611
Scenario 245
0 survivors

Scenario 246
96 survivors
332 987 654 634 438 920 867 674 839 781 999 703 957 894 530 603 453 877 839 974 645 613 271 595 237 828 29 84 572 624 97 678 96 111 944 808 79 284 184 348 877 717 293 39 299 536 956 861 742 425 221 629 242 492 626 947 843 790 253 286 995 881 772 383 525 114 90 167 638 990 137 869 811 218 971 210 12 31 223 355 133 929 780 665 683 41 370 239 442 244 803 590 446 800 269 346
Scenario 247
84 survivors
233 701 479 605 220 865 58 402 604 926 320 340 492 70 366 22 620 398 889 951 491 812 926 989 381 25 259 194 677 893 734 503 542 940 793 227 202 596 653 639 758 115 777 266 433 857 661 329 36 609 687 725 849 656 929 17 493 39 269 65 280 335 475 597 804 808 945 663 909 364 401 233 936 829 668 510 265 100 749 96 946 653 699 164
Scenario 248
70 survivors
774 262 354 842 535 919 652 432 457 932 613 18 489 281 113 290 637 213 645 580 877 447 752 579 387 559 757 553 942 763 8 398 759 924 38 66 140 501 410 768 874 561 59 904 615 490 950 777 45 616 695 102 109 975 750 212 35 117 933 470 978 439 44 480 400 256 957 836 777 71
Scenario 249
9 survivors
964 959 358 72 246 374 109 393 895
Scenario 250
0 survivors

Scenario 251
0 survivors

Scenario 252
0 survivors

Scenario 253
96 survivors
460 860 259 205 508 328 702 811 392 414 568 870 816 105 997 258 668 648 211 742 510 721 58 84 446 149 881 15 636 852 285 501 42 431 377 852 817 186 598 204 301 699 281 178 657 81 362 333 3 129 143 883 161 950 325 88 637 655 466 862 87 328 311 126 780 295 296 623 605 712 313 467 821 146 585 673 655 993 490 674 884 276 425 502 990 271 387 671 508 851 180 734 290 888 906 975
Scenario 254
84 survivors
243 274 24 379 122 345 866 930 172 294 678 71 574 970 310 276 598 120 298 478 862 448 981 240 906 660 765 973 491 526 538 270 265 258 594 448 37 665 303 221 78 223 848 268 579 441 875 594 802 251 86 549 907 928 553 346 966 780 884 953 724 191 619 971 187 41 899 600 248 499 27 957 705 533 441 211 887 828 190 340 35 482 902 629
Scenario 255
78 survivors
30 666 529 703 313 133 438 784 270 547 480 625 19 870 930 301 38 411 836 715 637 628 212 962 554 487 660 629 109 604 595 415 806 234 308 484 503 182 654 946 73 31 417 929 288 483 700 874 787 722 914 429 463 403 483 348 419 496 47 463 733 995 82 156 482 293 642 462 613 670 25 910 179 985 639 458 62 697
Scenario 256
11 survivors
388 708 989 363 446 101 258 417 269 887 172
Scenario 257
0 survivors

Scenario 258
0 survivors

Scenario 259
0 survivors

Scenario 260
96 survivors
510 26 917 484 483 891 820 794 366 122 402 547 119 740 673 884 357 807 18 889 116 788 448 685 192 301 672 525 754 853 76 145 995 532 329 343 864 212 177 381 523 481 2 943 520 64 193 306 972 879 851 788 700 899 110 244 402 816 853 832 736 541 197 766 625 759 406 655 166 827 385 439 60 719 300 360 161 624 73 270 105 447 375 240 206 288 930 834 213 377 83 81 651 720 787 434
Scenario 261
80 survivors
736 6 658 544 677 861 543 498 532 902 379 831 813 190 919 324 621 123 442 431 230 515 54 540 573 618 41 470 658 868 947 969 324 408 588 384 206 144 288 591 829 370 272 504 952 481 649 294 457 706 274 392 717 606 596 341 885 40 675 840 737 403 275 906 93 779 636 208 715 852 381 481 176 553 335 583 606 282 28 96
Scenario 262
78 survivors
552 994 105 955 400 656 772 158 355 876 993 446 536 891 248 373 997 812 893 971 831 913 458 354 98 939 581 879 447 470 629 647 654 291 813 982 968 881 127 379 271 105 611 651 693 961 268 388 299 34 652 778 417 645 790 659 594 955 869 589 689 934 727 263 386 28 120 599 440 403 364 306 477 860 237 942 772 351
Scenario 263
12 survivors
7 874 930 156 255 121 28 364 382 929 760 869
Scenario 264
0 survivors

Scenario 265
0 survivors

Scenario 266
0 survivors

Scenario 267
96 survivors
102 895 41 434 634 732 901 741 862 253 758 684 898 695 916 756 612 331 355 597 636 366 635 110 185 883 635 151 955 696 304 400 423 850 348 761 229 272 388 791 775 165 522 414 759 325 751 704 166 797 216 288 26 691 589 154 120 178 38 151 29 300 335 196 967 398 849 270 112 713 326 898 655 298 505 458 395 585 235 656 316 946 695 278 33 406 354 333 81 675 315 687 41 674 748 76
Scenario 268
90 survivors
160 106 581 945 101 999 370 903 182 431 718 97 259 485 922 292 749 584 281 266 158 952 908 539 872 990 932 169 295 190 233 349 294 214 916 416 955 240 428 211 742 910 245 481 16 590 240 318 538 290 879 534 79 75 468 85 73 644 307 189 129 580 332 866 708 253 218 977 247 762 361 469 519 482 252 445 617 226 559 311 1 904 523 537 826 400 685 758 64 119
Scenario 269
80 survivors
340 650 187 558 370 820 313 832 409 122 971 377 956 783 978 973 97 628 60 965 79 591 716 851 449 954 624 926 344 304 805 169 389 276 89 922 556 149 951 821 743 673 833 217 566 2 945 118 134 696 843 798 660 272 926 947 853 141 40 583 779 848 31 148 456 331 736 163 567 390 838 995 158 145 22 89 214 267 68 811
Scenario 270
14 survivors
797 835 889 359 353 706 225 483 645 874 669 750 159 580
Scenario 271
0 survivors

Scenario 272
0 survivors

Scenario 273
0 survivors

Scenario 274
96 survivors
194 590 41 196 999 665 137 973 532 981 231 826 82 203 515 596 974 33 984 855 773 679 153 695 782 253 250 643 48 152 52 78 195 602 116 547 771 549 464 614 937 318 826 160 584 512 673 298 150 276 320 393 923 515 51 192 676 717 909 935 331 409 397 967 858 92 527 330 817 985 684 531 335 203 408 269 457 636 282 92 159 691 796 692 752 169 296 641 970 1 80 440 694 136 279 4
Scenario 275
82 survivors
971 870 404 213 623 139 840 412 909 472 118 929 140 847 657 237 881 507 114 800 264 665 561 657 936 720 62 308 476 666 963 815 146 310 90 177 517 730 127 503 822 960 210 445 481 586 375 926 614 540 168 351 643 122 221 357 218 35 488 868 196 567 851 91 880 747 643 746 560 186 998 681 11 760 165 375 149 159 900 395 440 228
Scenario 276
82 survivors
635 508 957 699 643 645 434 190 490 688 236 136 150 842 209 274 595 819 538 808 995 792 163 509 768 911 454 377 101 191 656 716 232 730 291 481 772 44 551 414 137 847 493 310 995 111 566 574 542 488 88 927 954 283 644 563 714 429 610 103 313 952 590 384 519 122 900 823 684 239 290 211 921 83 924 482 890 837 153 374 745 433
Scenario 277
9 survivors
692 947 372 308 84 298 323 123 787
Scenario 278
0 survivors

Scenario 279
0 survivors

Scenario 280
0 survivors

Scenario 281
96 survivors
134 622 702 525 920 850 261 378 84 238 941 842 965 532 828 773 923 342 497 664 114 450 897 837 825 863 94 929 804 363 334 740 557 892 944 876 421 393 802 537 642 199 493 873 646 4 488 815 540 992 126 391 832 512 453 329 80 698 886 375 245 229 156 724 446 393 426 189 911 719 206 293 983 113 36 739 720 850 951 586 201 204 999 9 582 713 85 899 950 94 493 339 130 872 421 747
Scenario 282
90 survivors
567 153 76 713 554 626 795 317 87 207 585 355 725 806 987 618 154 388 844 108 330 351 67 776 8 972 546 156 365 715 965 682 586 230 546 198 424 211 9 855 179 767 23 935 326 309 557 832 959 854 276 223 38 544 674 951 408 641 399 841 234 603 540 752 707 925 239 193 671 831 181 725 429 440 326 836 283 473 908 985 756 930 843 937 9 59 150 639 290 340
Scenario 283
86 survivors
947 154 669 159 288 667 425 118 173 388 20 213 464 368 969 678 905 561 506 708 650 743 935 115 483 232 297 651 636 557 888 61 178 454 724 896 887 98 973 304 594 894 882 531 323 223 240 25 928 442 666 516 681 159 539 274 454 305 195 96 325 956 295 569 81 91 883 739 572 39 708 642 642 21 114 345 246 479 586 960 116 3 565 987 87 443
Scenario 284
10 survivors
483 117 750 119 768 124 919 250 291 19
Scenario 285
0 survivors

Scenario 286
0 survivors

Scenario 287
0 survivors

Scenario 288
96 survivors
631 190 773 72 328 486 987 612 358 757 665 522 696 940 459 275 264 626 506 608 819 464 468 111 900 132 57 846 854 550 53 492 939 525 721 643 670 627 173 709 709 860 730 916 368 592 265 908 839 706 388 656 147 625 246 718 103 171 83 151 758 334 279 536 147 140 261 541 659 856 220 391 965 288 251 494 180 624 247 182 768 975 232 568 975 780 477 628 369 356 529 932 614 327 448 78
Scenario 289
94 survivors
297 82 854 312 791 2 799 922 646 955 232 99 449 42 949 601 196 685 467 494 32 871 617 704 257 545 930 122 333 645 142 911 108 960 657 360 455 323 808 236 842 955 941 204 326 58 312 184 618 551 272 883 479 132 726 403 147 741 25 865 374 502 698 542 718 53 263 169 70 456 493 80 318 512 920 997 738 308 13 417 391 986 662 627 966 705 785 541 710 45 520 115 738 854
Scenario 290
68 survivors
486 712 306 678 585 931 406 633 740 611 349 958 197 563 662 466 134 406 406 86 188 455 181 245 934 283 481 59 692 715 542 165 894 84 329 104 369 869 198 259 494 386 328 1 466 533 164 622 953 914 533 484 829 62 72 836 337 163 69 824 608 795 783 644 524 519 256 397
Scenario 291
7 survivors
72 778 279 804 966 740 269
Scenario 292
0 survivors

Scenario 293
0 survivors

Scenario 294
0 survivors

Scenario 295
101 survivors
633 553 354 332 252 81 316 489 397 672 122 983 878 435 433 950 737 747 169 811 21 126 709 425 824 533 987 218 116 603 86 28 216 162 272 997 517 511 266 258 442 270 700 458 605 604 59 827 656 665 49 519 932 402 342 885 631 14 990 379 710 192 32 450 341 193 547 728 515 381 92 896 375 18 925 735 654 163 175 446 877 343 699 232 986 123 535 190 773 627 632 325 79 130 280 932 740 597 877 492 526
Scenario 296
93 survivors
909 866 82 190 66 485 46 426 344 458 657 942 320 88 560 263 461 41 575 732 883 437 916 641 907 426 62 622 758 206 603 431 708 175 575 975 713 347 542 985 741 235 678 294 709 168 228 977 719 223 804 823 951 420 552 693 428 169 613 729 922 282 402 908 352 334 534 186 436 652 939 438 243 653 671 816 872 600 518 455 653 504 455 451 254 538 769 694 234 488 347 909 61
Scenario 297
85 survivors
549 536 989 237 5 992 579 556 794 270 635 606 724 616 910 419 20 167 256 339 963 961 8 646 655 689 317 611 607 179 320 476 286 406 126 440 366 64 701 731 613 971 883 438 496 752 418 967 703 266 763 353 527 813 280 901 504 520 314 625 59 150 115 825 97 333 304 613 758 193 437 568 941 75 544 439 372 249 56 726 456 957 463 736 666
Scenario 298
5 survivors
117 289 959 938 357
Scenario 299
0 survivors

Scenario 300
0 survivors

Scenario 301
0 survivors

Scenario 302
101 survivors
70 324 500 961 388 797 199 697 355 265 162 940 479 244 422 131 385 960 708 554 936 273 63 587 416 197 971 668 30 193 273 554 453 402 241 531 996 691 893 46 347 561 944 805 835 197 505 85 994 791 415 876 215 846 678 159 628 725 998 189 428 386 152 827 856 855 267 643 918 950 522 869 356 479 72 704 368 482 943 751 750 603 770 67 864 595 924 596 28 738 899 930 484 379 97 827 662 815 500 758 401
Scenario 303
93 survivors
667 235 73 961 260 71 108 811 140 210 69 184 510 861 29 69 141 406 580 181 536 784 510 387 97 776 214 130 246 52 330 92 698 241 176 746 553 292 493 566 85 99 599 226 866 354 87 551 203 81 872 706 739 574 461 961 117 396 226 263 408 868 267 935 886 912 30 199 11 490 634 368 741 154 46 17 656 310 158 527 543 16 666 815 567 156 363 657 381 897 475 913 585
Scenario 304
85 survivors
129 56 701 334 367 647 331 69 857 299 137 981 229 307 958 140 397 980 431 479 965 317 645 258 786 77 2 502 642 656 660 54 416 477 579 11 771 218 321 901 140 432 679 88 592 823 910 173 442 703 988 483 604 470 939 177 305 371 491 677 282 385 973 51 690 619 178 236 508 565 253 446 458 540 78 416 198 921 255 518 462 789 739 967 716
Scenario 305
14 survivors
313 293 177 984 80 286 802 730 785 741 463 362 551 338
Scenario 306
0 survivors

Scenario 307
0 survivors

Scenario 308
0 survivors

Scenario 309
101 survivors
884 29 385 79 894 329 814 313 904 65 236 514 728 852 786 854 871 933 380 538 493 355 903 511 495 265 678 359 665 519 950 562 244 809 622 724 428 254 633 867 590 805 642 345 996 658 399 556 458 117 335 200 687 829 123 879 350 984 339 309 693 583 960 303 45 457 722 953 972 469 11 366 648 611 239 860 216 49 213 288 137 680 311 282 835 700 51 432 881 286 724 132 925 567 589 920 97 558 48 21 502
Scenario 310
91 survivors
42 243 197 554 51 532 586 887 674 895 716 192 92 480 702 388 896 741 421 212 249 6 236 365 934 829 735 968 952 527 815 14 574 272 820 434 942 291 265 945 147 835 201 834 135 10 936 986 741 754 360 137 707 785 467 407 817 40 98 326 43 37 330 698 523 93 300 964 507 87 65 986 569 942 245 634 553 182 806 283 660 84 931 309 243 772 238 861 598 167 487
Scenario 311
81 survivors
135 870 387 304 385 888 116 884 182 469 835 602 774 617 794 630 924 623 367 31 397 885 805 291 606 373 482 985 779 876 601 580 622 878 127 21 254 770 310 779 533 611 764 226 615 920 828 313 907 438 380 140 274 374 965 476 933 479 982 160 414 792 476 768 622 504 107 217 617 746 38 898 925 686 471 590 762 40 801 816 597
Scenario 312
13 survivors
279 684 521 890 528 512 969 423 490 335 781 688 828
Scenario 313
0 survivors

Scenario 314
0 survivors

Scenario 315
0 survivors

Scenario 316
101 survivors
191 361 426 766 384 984 790 910 882 581 352 424 896 671 210 725 162 103 418 876 610 523 46 957 135 234 190 388 635 505 841 288 837 718 531 813 270 125 82 836 997 124 163 343 208 91 273 941 406 243 774 724 283 514 61 528 297 584 406 825 453 598 311 904 806 555 216 825 120 747 904 561 852 965 695 471 142 13 104 66 753 910 580 998 987 397 347 756 529 272 811 611 275 91 854 369 599 958 690 566 892
Scenario 317
93 survivors
202 999 240 381 129 886 830 202 816 859 224 386 148 922 225 761 285 627 175 326 547 167 199 744 652 22 616 706 619 585 561 978 537 615 186 108 277 328 372 998 699 769 467 703 817 695 606 476 37 35 499 598 876 240 226 998 687 263 321 981 71 961 756 453 137 664 884 686 420 363 145 839 531 9 200 658 946 834 87 604 687 70 887 890 470 445 698 136 147 475 318 726 310
Scenario 318
83 survivors
59 836 268 141 849 686 596 353 557 602 161 747 657 326 320 813 777 247 327 224 703 359 867 667 226 926 906 627 487 21 957 230 217 369 311 45 114 724 663 988 332 879 36 297 211 291 527 282 445 937 521 775 419 961 278 413 680 701 216 115 37 184 111 716 920 174 404 808 391 258 562 872 811 460 679 125 802 774 400 452 113 821 347
Scenario 319
0 survivors

Scenario 320
0 survivors

Scenario 321
0 survivors

Scenario 322
0 survivors

Scenario 323
101 survivors
558 881 663 761 706 306 92 202 938 29 282 628 478 510 381 889 374 669 697 606 236 591 670 28 395 724 188 782 955 57 25 670 605 686 369 701 676 463 769 464 155 23 956 61 826 414 317 592 655 593 307 599 170 935 291 845 455 654 79 765 587 768 659 308 606 566 473 357 973 492 418 208 350 313 216 865 955 621 419 343 539 857 692 676 696 409 530 7 630 912 131 530 12 432 525 97 783 721 936 522 274
Scenario 324
87 survivors
410 389 298 477 154 471 84 159 142 185 968 949 733 66 85 1 454 341 538 942 199 784 987 869 549 643 286 369 957 220 351 43 617 553 945 594 333 54 720 730 479 626 664 724 6 224 646 353 876 958 848 755 249 140 62 908 212 552 866 209 850 89 698 123 821 840 134 304 717 284 946 620 813 464 430 354 329 941 480 579 736 174 637 612 640 940 735
Scenario 325
79 survivors
769 273 65 426 78 235 904 749 872 563 984 675 879 54 726 278 383 620 391 176 273 220 431 232 704 328 383 953 983 526 369 381 166 275 564 270 121 545 373 122 850 745 220 330 560 144 778 921 367 913 128 919 246 826 687 830 660 156 452 178 69 426 217 49 826 477 558 577 747 113 496 678 610 22 834 486 130 540 467
Scenario 326
11 survivors
996 901 574 733 691 857 185 230 508 543 949
Scenario 327
0 survivors

Scenario 328
0 survivors

Scenario 329
0 survivors

Scenario 330
101 survivors
96 566 793 854 15 955 760 828 614 453 1 338 232 350 449 916 867 263 286 74 498 217 649 568 743 620 331 174 818 592 274 625 485 256 181 242 419 862 266 880 526 103 641 608 136 444 5 29 216 804 207 722 960 727 549 790 988 203 108 38 280 439 847 167 623 124 59 182 55 34 126 359 434 393 131 909 366 928 395 64 384 310 295 793 360 191 159 563 813 476 425 364 939 990 925 603 268 856 405 43 756
Scenario 331
93 survivors
759 681 738 416 551 616 12 448 131 787 788 567 923 108 890 117 971 583 716 862 164 717 18 196 909 681 842 397 758 461 109 407 56 451 484 708 985 551 7 284 616 908 889 236 698 287 176 222 304 642 113 679 674 778 614 664 997 798 414 364 536 106 6 360 847 251 234 243 836 647 861 915 875 735 351 490 374 344 858 789 395 716 832 357 895 530 44 533 732 821 490 696 803
Scenario 332
83 survivors
461 557 97 851 327 252 426 929 574 690 75 770 421 801 509 355 622 913 293 798 832 133 305 999 367 550 676 899 369 965 739 90 3 630 745 110 529 540 137 996 452 591 234 75 114 220 927 697 792 439 109 773 360 197 563 336 875 605 755 2 329 322 522 384 668 278 699 643 941 481 694 465 39 449 908 138 143 625 452 723 20 199 820
Scenario 333
8 survivors
308 567 352 558 664 608 614 331
Scenario 334
0 survivors

Scenario 335
0 survivors

Scenario 336
0 survivors

Scenario 337
101 survivors
200 921 21 150 283 639 241 107 206 510 776 909 987 438 670 785 416 691 206 846 670 461 868 999 435 435 754 364 876 418 289 443 88 77 422 831 252 170 897 199 281 57 228 241 459 274 232 290 871 671 993 695 615 685 495 967 459 109 679 335 838 720 795 993 567 430 860 888 96 863 80 179 665 461 76 978 147 361 978 907 715 330 151 835 569 554 148 585 896 767 993 288 93 808 793 564 129 590 396 160 277
Scenario 338
93 survivors
616 828 976 37 703 851 436 650 89 6 89 582 231 627 104 786 132 219 243 111 108 678 107 629 592 754 620 129 228 621 492 667 873 720 635 619 373 79 261 736 809 194 663 869 833 293 870 238 706 235 780 153 330 788 318 901 429 168 195 786 507 854 26 739 410 487 623 662 237 30 94 605 289 779 721 713 621 35 590 760 795 56 864 63 285 105 351 735 888 102 621 170 729
Scenario 339
89 survivors
441 559 89 811 98 254 438 25 942 580 909 959 862 90 633 356 741 838 50 221 986 445 304 99 156 297 670 193 148 487 434 311 774 433 625 55 894 794 340 535 95 342 964 206 113 391 230 340 448 297 962 183 394 560 536 63 175 816 982 652 801 218 556 378 543 288 324 386 775 782 273 303 400 176 837 150 302 667 981 325 249 407 831 554 228 796 279 779 786
Scenario 340
5 survivors
684 706 600 233 911
Scenario 341
1 survivors
541
Scenario 342
0 survivors

Scenario 343
0 survivors

Scenario 344
6 survivors
82 609 728 158 581 924
Scenario 345
6 survivors
7 979 763 676 310 368
Scenario 346
6 survivors
6 289 978 498 835 185
Scenario 347
4 survivors
695 130 670 707
Scenario 348
4 survivors
37 812 725 803
Scenario 349
4 survivors
817 420 197 249
Scenario 350
4 survivors
12 184 286 484
Scenario 351
6 survivors
740 356 926 426 627 790
Scenario 352
6 survivors
867 242 80 102 566 426
Scenario 353
6 survivors
811 866 260 14 464 398
Scenario 354
6 survivors
489 19 217 325 146 37
Scenario 355
4 survivors
440 639 49 428
Scenario 356
6 survivors
717 805 70 787 490 625
Scenario 357
4 survivors
645 45 576 544
Scenario 358
6 survivors
949 400 266 799 280 104
Scenario 359
6 survivors
136 821 959 785 333 532
Scenario 360
6 survivors
231 754 163 143 879 766
Scenario 361
4 survivors
846 291 310 679
Scenario 362
4 survivors
255 423 312 645
Scenario 363
4 survivors
181 478 526 787
Scenario 364
4 survivors
31 36 454 864
Scenario 365
6 survivors
334 118 43 593 35 610
Scenario 366
6 survivors
704 801 53 580 168 636
Scenario 367
6 survivors
637 260 368 951 213 999
Scenario 368
6 survivors
3 62 76 552 742 504
Scenario 369
4 survivors
697 174 330 510
Scenario 370
4 survivors
247 167 191 398
Scenario 371
4 survivors
491 198 666 71
Scenario 372
6 survivors
484 271 93 2 324 857
Scenario 373
6 survivors
506 68 951 547 903 624
Scenario 374
6 survivors
690 84 169 855 759 757
Scenario 375
4 survivors
563 456 319 959
Scenario 376
4 survivors
741 9 968 518
Scenario 377
4 survivors
987 6 445 674
Scenario 378
4 survivors
388 285 298 400
Scenario 379
6 survivors
51 409 277 739 589 821
Scenario 380
6 survivors
319 832 680 908 851 650
Scenario 381
6 survivors
113 92 307 715 914 250
Scenario 382
6 survivors
391 559 390 211 189 312
Scenario 383
4 survivors
753 580 107 168
Scenario 384
4 survivors
39 113 202 483
Scenario 385
4 survivors
501 88 298 482
Scenario 386
6 survivors
527 883 796 817 371 146
Scenario 387
6 survivors
723 362 666 777 45 623
Scenario 388
6 survivors
547 966 866 669 81 799
Scenario 389
6 survivors
58 45 768 447 699 526
Scenario 390
4 survivors
268 347 239 93
Scenario 391
4 survivors
603 544 797 676
Scenario 392
4 survivors
241 48 120 315
Scenario 393
10 survivors
110 780 621 310 422 367 850 883 523 458
Scenario 394
10 survivors
327 888 476 523 66 772 726 141 51 760
Scenario 395
10 survivors
648 474 573 567 880 546 132 621 674 542
Scenario 396
2 survivors
114 441
Scenario 397
0 survivors

Scenario 398
0 survivors

Scenario 399
0 survivors

Scenario 400
10 survivors
206 286 991 357 100 331 35 93 454 209
Scenario 401
10 survivors
460 84 182 208 618 952 954 334 367 838
Scenario 402
10 survivors
518 351 959 973 745 968 622 13 642 882
Scenario 403
0 survivors

Scenario 404
2 survivors
275 174
Scenario 405
0 survivors

Scenario 406
0 survivors

Scenario 407
10 survivors
630 320 9 835 947 915 883 712 95 253
Scenario 408
10 survivors
568 341 971 216 906 752 154 778 321 613
Scenario 409
6 survivors
310 114 78 751 645 847
Scenario 410
2 survivors
915 998
Scenario 411
0 survivors

Scenario 412
2 survivors
164 903
Scenario 413
0 survivors

Scenario 414
10 survivors
884 179 630 616 316 767 709 853 780 624
Scenario 415
10 survivors
494 825 106 695 481 510 141 786 198 182
Scenario 416
10 survivors
303 810 241 201 70 263 477 37 690 88
Scenario 417
4 survivors
244 718 46 445
Scenario 418
0 survivors

Scenario 419
0 survivors

Scenario 420
0 survivors

Scenario 421
10 survivors
286 489 462 664 15 428 44 920 594 55
Scenario 422
10 survivors
217 545 57 339 128 553 23 66 635 661
Scenario 423
10 survivors
372 466 690 118 730 145 157 30 220 931
Scenario 424
6 survivors
886 658 179 858 725 150
Scenario 425
0 survivors

Scenario 426
0 survivors

Scenario 427
0 survivors

Scenario 428
10 survivors
598 735 779 190 793 59 414 737 167 240
Scenario 429
8 survivors
384 587 749 396 973 332 768 395
Scenario 430
8 survivors
661 347 761 943 58 644 938 771
Scenario 431
8 survivors
416 50 916 925 812 373 71 750
Scenario 432
2 survivors
342 461
Scenario 433
0 survivors

Scenario 434
0 survivors

Scenario 435
10 survivors
325 221 660 287 983 530 621 392 453 467
Scenario 436
10 survivors
29 195 843 226 325 165 656 624 974 407
Scenario 437
10 survivors
731 479 484 181 248 365 257 737 429 553
Scenario 438
6 survivors
391 907 134 131 183 253
Scenario 439
2 survivors
736 38
Scenario 440
0 survivors

Scenario 441
0 survivors

Scenario 442
15 survivors
171 396 648 276 184 498 406 124 192 849 853 876 613 992 694
Scenario 443
13 survivors
872 160 245 602 311 70 325 537 705 814 549 423 16
Scenario 444
15 survivors
908 696 621 179 623 590 534 186 460 39 105 158 241 339 461
Scenario 445
5 survivors
390 588 824 67 378
Scenario 446
0 survivors

Scenario 447
0 survivors

Scenario 448
0 survivors

Scenario 449
15 survivors
80 343 452 536 703 342 381 652 789 509 46 467 507 495 996
Scenario 450
15 survivors
845 182 985 96 860 860 794 687 97 683 398 838 511 713 438
Scenario 451
15 survivors
395 814 363 166 833 201 217 268 203 247 591 512 512 442 441
Scenario 452
3 survivors
872 641 803
Scenario 453
0 survivors

Scenario 454
0 survivors

Scenario 455
0 survivors

Scenario 456
15 survivors
161 814 439 727 807 955 371 398 9 334 605 583 760 559 995
Scenario 457
15 survivors
47 112 599 890 191 111 318 502 922 955 571 431 762 210 977
Scenario 458
15 survivors
986 868 114 619 495 599 234 333 308 35 345 326 79 664 995
Scenario 459
1 survivors
370
Scenario 460
0 survivors

Scenario 461
0 survivors

Scenario 462
0 survivors

Scenario 463
15 survivors
117 707 628 619 455 948 830 90 817 579 428 568 964 363 134
Scenario 464
13 survivors
311 789 169 235 555 228 9 330 613 802 133 310 97
Scenario 465
13 survivors
768 767 163 214 977 804 339 805 42 247 631 477 773
Scenario 466
5 survivors
510 502 682 562 657
Scenario 467
0 survivors

Scenario 468
0 survivors

Scenario 469
0 survivors

Scenario 470
15 survivors
958 199 662 74 445 633 780 535 470 670 893 808 89 555 439
Scenario 471
13 survivors
79 46 915 875 4 100 730 456 955 501 833 256 941
Scenario 472
15 survivors
873 873 59 213 360 28 116 472 186 694 42 160 961 348 993
Scenario 473
5 survivors
492 381 351 532 642
Scenario 474
1 survivors
374
Scenario 475
0 survivors

Scenario 476
0 survivors

Scenario 477
15 survivors
510 396 769 469 828 729 328 586 15 326 605 805 262 626 17
Scenario 478
15 survivors
473 866 686 167 668 321 864 572 388 652 331 747 93 840 378
Scenario 479
11 survivors
667 483 13 272 343 694 630 588 80 523 820
Scenario 480
5 survivors
760 330 259 944 47
Scenario 481
0 survivors

Scenario 482
0 survivors

Scenario 483
0 survivors

Scenario 484
15 survivors
611 912 220 988 843 430 195 153 148 753 944 746 161 953 152
Scenario 485
15 survivors
915 585 261 354 233 753 616 157 166 29 607 838 890 794 26
Scenario 486
15 survivors
952 131 176 507 360 233 221 632 483 37 524 130 927 463 242
Scenario 487
3 survivors
219 606 320
Scenario 488
0 survivors

Scenario 489
0 survivors

Scenario 490
0 survivors

Scenario 491
55 survivors
902 101 331 743 585 361 811 514 174 2 100 671 908 379 935 748 405 856 732 87 871 597 36 834 473 109 958 939 229 489 158 921 201 487 417 387 342 502 790 312 374 561 298 828 624 86 701 736 214 576 72 604 843 652 938
Scenario 492
53 survivors
902 123 5 159 907 45 923 656 831 191 845 616 649 737 727 496 29 233 116 360 995 148 89 625 613 782 319 691 377 712 325 151 857 714 279 102 951 194 188 277 26 841 900 811 26 483 994 279 353 557 102 265 319
Scenario 493
35 survivors
586 395 180 446 857 222 418 587 86 917 723 173 601 592 944 484 746 687 95 131 139 546 433 538 203 728 227 488 310 806 508 533 489 144 436
Scenario 494
1 survivors
47
Scenario 495
0 survivors

Scenario 496
0 survivors

Scenario 497
0 survivors

Scenario 498
55 survivors
324 765 803 596 62 994 358 448 196 788 7 476 381 726 459 332 491 701 211 37 802 627 576 430 93 945 77 658 809 164 125 774 258 365 588 326 708 131 438 610 219 750 654 717 555 505 117 748 927 35 403 770 274 585 270
Scenario 499
49 survivors
43 656 400 83 613 309 335 729 392 60 653 235 928 616 484 17 906 575 328 748 865 819 221 779 211 234 970 527 159 49 554 567 846 969 237 674 403 577 383 211 136 309 791 219 996 347 68 888 806
Scenario 500
47 survivors
713 748 160 190 582 434 294 293 421 335 931 927 369 849 338 562 458 692 522 191 498 471 535 201 292 251 855 51 991 384 186 981 486 871 978 384 919 467 49 929 828 247 343 117 167 876 706
Scenario 501
7 survivors
376 881 546 856 255 387 772
Scenario 502
0 survivors

Scenario 503
0 survivors

Scenario 504
0 survivors

Scenario 505
55 survivors
534 214 896 475 833 23 95 819 678 541 201 756 323 838 504 669 425 961 659 264 702 867 138 243 683 864 152 897 104 225 651 39 763 444 857 516 890 290 132 301 309 28 96 848 971 328 697 23 534 18 295 58 713 17 59
Scenario 506
53 survivors
436 328 640 81 893 523 970 441 30 604 800 856 866 135 441 981 967 671 362 896 430 707 507 839 656 418 509 936 91 604 823 718 881 664 364 299 146 224 700 679 783 932 589 864 40 219 852 221 857 272 841 245 125
Scenario 507
47 survivors
313 458 911 298 281 514 346 965 573 228 819 678 578 712 161 87 472 677 223 301 894 79 215 976 773 93 113 558 665 527 673 203 774 6 705 264 7 50 91 55 208 941 513 635 861 210 559
Scenario 508
1 survivors
773
Scenario 509
0 survivors

Scenario 510
0 survivors

Scenario 511
0 survivors

Scenario 512
55 survivors
873 330 101 68 68 498 19 819 944 381 912 635 867 417 976 847 881 71 215 497 366 4 357 497 311 215 744 231 629 665 877 865 428 705 331 330 58 649 875 558 202 572 229 131 6 945 888 117 865 687 328 906 664 7 847
Scenario 513
49 survivors
528 193 324 801 16 511 990 226 897 702 12 103 355 117 88 805 420 686 818 249 80 95 114 40 452 674 546 660 160 700 514 118 115 855 409 212 314 599 352 884 287 856 647 186 157 41 607 451 619
Scenario 514
41 survivors
680 970 327 652 761 539 643 521 878 808 101 648 653 563 435 988 724 583 105 800 176 887 193 838 181 814 943 90 543 378 950 904 986 626 473 844 720 748 312 627 159
Scenario 515
17 survivors
406 874 419 290 519 710 169 807 459 656 938 452 137 132 484 592 297
Scenario 516
0 survivors

Scenario 517
0 survivors

Scenario 518
0 survivors

Scenario 519
55 survivors
187 363 22 349 570 274 16 593 5 963 397 476 302 124 863 707 864 225 14 799 397 748 931 349 482 445 250 54 961 368 201 676 468 432 178 83 367 93 89 260 600 995 532 476 133 460 527 111 48 943 303 225 663 554 49
Scenario 520
51 survivors
461 69 742 126 956 692 294 465 787 24 943 279 532 259 31 940 276 149 12 916 87 984 722 581 415 862 558 697 771 684 623 344 687 693 517 72 494 807 343 122 726 570 222 533 692 547 20 214 201 885 976
Scenario 521
45 survivors
124 343 889 371 978 496 802 172 124 17 153 605 506 956 165 992 930 803 691 184 663 944 922 741 530 954 721 202 440 924 21 671 360 904 797 718 480 336 643 998 884 652 500 808 977
Scenario 522
15 survivors
307 160 260 115 25 802 667 715 499 8 977 748 831 159 391
Scenario 523
0 survivors

Scenario 524
0 survivors

Scenario 525
0 survivors

Scenario 526
55 survivors
779 38 91 68 895 147 594 688 98 620 278 168 157 339 467 76 250 342 188 775 673 388 747 102 376 565 615 718 663 304 914 771 177 21 641 930 290 541 454 935 780 107 282 89 313 405 412 479 638 954 311 332 941 230 36
Scenario 527
51 survivors
848 233 123 272 580 470 450 200 400 723 853 72 316 131 22 540 204 378 985 559 231 489 893 196 249 789 740 265 280 978 253 477 630 659 329 720 102 44 960 894 754 257 604 848 1 224 615 453 383 925 352
Scenario 528
49 survivors
378 673 373 107 193 803 100 748 988 399 535 642 602 254 144 772 332 545 39 652 915 788 992 31 38 800 163 959 296 137 314 918 538 561 952 115 36 475 866 359 891 237 994 637 997 92 448 676 377
Scenario 529
11 survivors
923 510 924 991 298 647 464 269 381 5 359
Scenario 530
0 survivors

Scenario 531
0 survivors

Scenario 532
0 survivors

Scenario 533
55 survivors
882 643 971 348 717 188 626 886 55 276 438 927 558 4 209 592 58 269 801 163 711 116 775 524 138 502 562 284 584 515 105 330 870 516 261 551 951 178 598 370 556 578 241 880 197 185 988 82 373 831 629 649 998 543 356
Scenario 534
51 survivors
768 519 725 670 221 448 281 186 123 667 973 67 749 315 92 454 127 681 148 45 807 564 351 644 740 719 730 555 590 91 597 448 612 567 67 46 490 969 778 619 232 258 531 680 938 54 626 667 611 879 787
Scenario 535
47 survivors
255 5 191 408 863 318 837 304 358 640 660 955 951 839 219 39 101 177 169 278 441 400 352 813 374 593 249 279 521 328 941 267 782 17 682 535 828 18 851 872 829 720 865 984 508 739 732
Scenario 536
2 survivors
150 422
Scenario 537
0 survivors

Scenario 538
0 survivors

Scenario 539
0 survivors

